{"/Users/ezequielmacchi_1/Desktop/REACT/08-rest_api-node_server/src/router.ts": {"path":"/Users/ezequielmacchi_1/Desktop/REACT/08-rest_api-node_server/src/router.ts","statementMap":{"0":{"start":{"line":1,"column":0},"end":{"line":1,"column":32}},"1":{"start":{"line":2,"column":0},"end":{"line":2,"column":47}},"2":{"start":{"line":3,"column":0},"end":{"line":3,"column":130}},"3":{"start":{"line":4,"column":0},"end":{"line":4,"column":48}},"4":{"start":{"line":6,"column":15},"end":{"line":6,"column":23}},"5":{"start":{"line":56,"column":0},"end":{"line":56,"column":null}},"6":{"start":{"line":86,"column":0},"end":{"line":91,"column":null}},"7":{"start":{"line":129,"column":0},"end":{"line":139,"column":null}},"8":{"start":{"line":136,"column":21},"end":{"line":136,"column":30}},"9":{"start":{"line":189,"column":0},"end":{"line":200,"column":null}},"10":{"start":{"line":195,"column":25},"end":{"line":195,"column":34}},"11":{"start":{"line":234,"column":0},"end":{"line":238,"column":null}},"12":{"start":{"line":276,"column":0},"end":{"line":281,"column":null}},"13":{"start":{"line":282,"column":0},"end":{"line":282,"column":null}}},"fnMap":{"0":{"name":"(anonymous_0)","decl":{"start":{"line":136,"column":12},"end":{"line":136,"column":17}},"loc":{"start":{"line":136,"column":21},"end":{"line":136,"column":30}}},"1":{"name":"(anonymous_1)","decl":{"start":{"line":195,"column":16},"end":{"line":195,"column":21}},"loc":{"start":{"line":195,"column":25},"end":{"line":195,"column":34}}}},"branchMap":{},"s":{"0":2,"1":2,"2":2,"3":2,"4":2,"5":2,"6":2,"7":2,"8":5,"9":2,"10":6,"11":2,"12":2,"13":2},"f":{"0":5,"1":6},"b":{}}
,"/Users/ezequielmacchi_1/Desktop/REACT/08-rest_api-node_server/src/server.ts": {"path":"/Users/ezequielmacchi_1/Desktop/REACT/08-rest_api-node_server/src/server.ts","statementMap":{"0":{"start":{"line":9,"column":0},"end":{"line":9,"column":7}},"1":{"start":{"line":1,"column":0},"end":{"line":1,"column":29}},"2":{"start":{"line":2,"column":0},"end":{"line":2,"column":27}},"3":{"start":{"line":3,"column":0},"end":{"line":3,"column":42}},"4":{"start":{"line":4,"column":0},"end":{"line":4,"column":42}},"5":{"start":{"line":5,"column":0},"end":{"line":5,"column":29}},"6":{"start":{"line":6,"column":0},"end":{"line":6,"column":28}},"7":{"start":{"line":10,"column":4},"end":{"line":16,"column":5}},"8":{"start":{"line":11,"column":8},"end":{"line":11,"column":32}},"9":{"start":{"line":12,"column":8},"end":{"line":12,"column":18}},"10":{"start":{"line":15,"column":8},"end":{"line":15,"column":null}},"11":{"start":{"line":18,"column":0},"end":{"line":18,"column":null}},"12":{"start":{"line":21,"column":15},"end":{"line":21,"column":24}},"13":{"start":{"line":24,"column":0},"end":{"line":24,"column":null}},"14":{"start":{"line":27,"column":0},"end":{"line":27,"column":null}},"15":{"start":{"line":30,"column":0},"end":{"line":30,"column":null}},"16":{"start":{"line":32,"column":0},"end":{"line":32,"column":null}}},"fnMap":{"0":{"name":"connectDB","decl":{"start":{"line":9,"column":22},"end":{"line":9,"column":31}},"loc":{"start":{"line":9,"column":31},"end":{"line":17,"column":1}}}},"branchMap":{},"s":{"0":2,"1":2,"2":2,"3":2,"4":2,"5":2,"6":2,"7":3,"8":3,"9":2,"10":1,"11":2,"12":2,"13":2,"14":2,"15":2,"16":2},"f":{"0":3},"b":{}}
,"/Users/ezequielmacchi_1/Desktop/REACT/08-rest_api-node_server/src/config/db.ts": {"path":"/Users/ezequielmacchi_1/Desktop/REACT/08-rest_api-node_server/src/config/db.ts","statementMap":{"0":{"start":{"line":1,"column":0},"end":{"line":1,"column":48}},"1":{"start":{"line":2,"column":0},"end":{"line":2,"column":27}},"2":{"start":{"line":4,"column":0},"end":{"line":4,"column":null}},"3":{"start":{"line":6,"column":11},"end":{"line":9,"column":2}},"4":{"start":{"line":11,"column":0},"end":{"line":11,"column":null}}},"fnMap":{},"branchMap":{},"s":{"0":2,"1":2,"2":2,"3":2,"4":2},"f":{},"b":{}}
,"/Users/ezequielmacchi_1/Desktop/REACT/08-rest_api-node_server/src/config/swagger.ts": {"path":"/Users/ezequielmacchi_1/Desktop/REACT/08-rest_api-node_server/src/config/swagger.ts","statementMap":{"0":{"start":{"line":1,"column":0},"end":{"line":1,"column":40}},"1":{"start":{"line":3,"column":38},"end":{"line":19,"column":null}},"2":{"start":{"line":21,"column":20},"end":{"line":21,"column":41}},"3":{"start":{"line":22,"column":0},"end":{"line":22,"column":null}}},"fnMap":{},"branchMap":{},"s":{"0":2,"1":2,"2":2,"3":2},"f":{},"b":{}}
,"/Users/ezequielmacchi_1/Desktop/REACT/08-rest_api-node_server/src/handlers/product.ts": {"path":"/Users/ezequielmacchi_1/Desktop/REACT/08-rest_api-node_server/src/handlers/product.ts","statementMap":{"0":{"start":{"line":2,"column":0},"end":{"line":2,"column":45}},"1":{"start":{"line":5,"column":27},"end":{"line":20,"column":1}},"2":{"start":{"line":6,"column":4},"end":{"line":19,"column":5}},"3":{"start":{"line":8,"column":25},"end":{"line":13,"column":10}},"4":{"start":{"line":15,"column":8},"end":{"line":15,"column":null}},"5":{"start":{"line":17,"column":8},"end":{"line":17,"column":null}},"6":{"start":{"line":18,"column":8},"end":{"line":18,"column":null}},"7":{"start":{"line":5,"column":13},"end":{"line":5,"column":27}},"8":{"start":{"line":23,"column":31},"end":{"line":38,"column":1}},"9":{"start":{"line":24,"column":4},"end":{"line":37,"column":5}},"10":{"start":{"line":25,"column":23},"end":{"line":25,"column":33}},"11":{"start":{"line":26,"column":24},"end":{"line":26,"column":50}},"12":{"start":{"line":29,"column":8},"end":{"line":31,"column":9}},"13":{"start":{"line":30,"column":12},"end":{"line":30,"column":null}},"14":{"start":{"line":33,"column":8},"end":{"line":33,"column":null}},"15":{"start":{"line":35,"column":8},"end":{"line":35,"column":null}},"16":{"start":{"line":36,"column":8},"end":{"line":36,"column":null}},"17":{"start":{"line":23,"column":13},"end":{"line":23,"column":31}},"18":{"start":{"line":41,"column":29},"end":{"line":51,"column":1}},"19":{"start":{"line":42,"column":4},"end":{"line":50,"column":5}},"20":{"start":{"line":44,"column":24},"end":{"line":44,"column":54}},"21":{"start":{"line":46,"column":8},"end":{"line":46,"column":null}},"22":{"start":{"line":48,"column":8},"end":{"line":48,"column":null}},"23":{"start":{"line":49,"column":8},"end":{"line":49,"column":null}},"24":{"start":{"line":41,"column":13},"end":{"line":41,"column":29}},"25":{"start":{"line":54,"column":29},"end":{"line":76,"column":1}},"26":{"start":{"line":55,"column":19},"end":{"line":55,"column":29}},"27":{"start":{"line":57,"column":4},"end":{"line":75,"column":5}},"28":{"start":{"line":59,"column":24},"end":{"line":59,"column":50}},"29":{"start":{"line":62,"column":8},"end":{"line":64,"column":9}},"30":{"start":{"line":63,"column":12},"end":{"line":63,"column":null}},"31":{"start":{"line":67,"column":8},"end":{"line":67,"column":null}},"32":{"start":{"line":68,"column":8},"end":{"line":68,"column":null}},"33":{"start":{"line":71,"column":8},"end":{"line":71,"column":null}},"34":{"start":{"line":73,"column":8},"end":{"line":73,"column":null}},"35":{"start":{"line":74,"column":8},"end":{"line":74,"column":null}},"36":{"start":{"line":54,"column":13},"end":{"line":54,"column":29}},"37":{"start":{"line":79,"column":34},"end":{"line":101,"column":1}},"38":{"start":{"line":80,"column":19},"end":{"line":80,"column":29}},"39":{"start":{"line":82,"column":4},"end":{"line":100,"column":5}},"40":{"start":{"line":84,"column":24},"end":{"line":84,"column":50}},"41":{"start":{"line":87,"column":8},"end":{"line":89,"column":9}},"42":{"start":{"line":88,"column":12},"end":{"line":88,"column":null}},"43":{"start":{"line":92,"column":8},"end":{"line":92,"column":null}},"44":{"start":{"line":93,"column":8},"end":{"line":93,"column":null}},"45":{"start":{"line":96,"column":8},"end":{"line":96,"column":null}},"46":{"start":{"line":98,"column":8},"end":{"line":98,"column":null}},"47":{"start":{"line":99,"column":8},"end":{"line":99,"column":null}},"48":{"start":{"line":79,"column":13},"end":{"line":79,"column":34}},"49":{"start":{"line":104,"column":29},"end":{"line":125,"column":1}},"50":{"start":{"line":105,"column":19},"end":{"line":105,"column":29}},"51":{"start":{"line":107,"column":4},"end":{"line":124,"column":5}},"52":{"start":{"line":109,"column":24},"end":{"line":109,"column":50}},"53":{"start":{"line":112,"column":8},"end":{"line":114,"column":9}},"54":{"start":{"line":113,"column":12},"end":{"line":113,"column":null}},"55":{"start":{"line":117,"column":8},"end":{"line":117,"column":null}},"56":{"start":{"line":120,"column":8},"end":{"line":120,"column":null}},"57":{"start":{"line":122,"column":8},"end":{"line":122,"column":null}},"58":{"start":{"line":123,"column":8},"end":{"line":123,"column":null}},"59":{"start":{"line":104,"column":13},"end":{"line":104,"column":29}}},"fnMap":{"0":{"name":"(anonymous_1)","decl":{"start":{"line":5,"column":27},"end":{"line":5,"column":32}},"loc":{"start":{"line":5,"column":65},"end":{"line":20,"column":1}}},"1":{"name":"(anonymous_2)","decl":{"start":{"line":23,"column":31},"end":{"line":23,"column":36}},"loc":{"start":{"line":23,"column":69},"end":{"line":38,"column":1}}},"2":{"name":"(anonymous_3)","decl":{"start":{"line":41,"column":29},"end":{"line":41,"column":34}},"loc":{"start":{"line":41,"column":67},"end":{"line":51,"column":1}}},"3":{"name":"(anonymous_4)","decl":{"start":{"line":54,"column":29},"end":{"line":54,"column":34}},"loc":{"start":{"line":54,"column":67},"end":{"line":76,"column":1}}},"4":{"name":"(anonymous_5)","decl":{"start":{"line":79,"column":34},"end":{"line":79,"column":39}},"loc":{"start":{"line":79,"column":72},"end":{"line":101,"column":1}}},"5":{"name":"(anonymous_6)","decl":{"start":{"line":104,"column":29},"end":{"line":104,"column":34}},"loc":{"start":{"line":104,"column":67},"end":{"line":125,"column":1}}}},"branchMap":{"0":{"loc":{"start":{"line":29,"column":8},"end":{"line":31,"column":9}},"type":"if","locations":[{"start":{"line":29,"column":8},"end":{"line":31,"column":9}}]},"1":{"loc":{"start":{"line":62,"column":8},"end":{"line":64,"column":9}},"type":"if","locations":[{"start":{"line":62,"column":8},"end":{"line":64,"column":9}}]},"2":{"loc":{"start":{"line":87,"column":8},"end":{"line":89,"column":9}},"type":"if","locations":[{"start":{"line":87,"column":8},"end":{"line":89,"column":9}}]},"3":{"loc":{"start":{"line":112,"column":8},"end":{"line":114,"column":9}},"type":"if","locations":[{"start":{"line":112,"column":8},"end":{"line":114,"column":9}}]}},"s":{"0":2,"1":2,"2":3,"3":3,"4":2,"5":1,"6":1,"7":2,"8":2,"9":3,"10":3,"11":3,"12":2,"13":1,"14":1,"15":1,"16":1,"17":2,"18":2,"19":2,"20":2,"21":1,"22":1,"23":1,"24":2,"25":2,"26":3,"27":3,"28":3,"29":2,"30":1,"31":1,"32":1,"33":1,"34":1,"35":1,"36":2,"37":2,"38":3,"39":3,"40":3,"41":2,"42":1,"43":1,"44":1,"45":1,"46":1,"47":1,"48":2,"49":2,"50":3,"51":3,"52":3,"53":2,"54":1,"55":1,"56":1,"57":1,"58":1,"59":2},"f":{"0":3,"1":3,"2":2,"3":3,"4":3,"5":3},"b":{"0":[1],"1":[1],"2":[1],"3":[1]}}
,"/Users/ezequielmacchi_1/Desktop/REACT/08-rest_api-node_server/src/middleware/index.ts": {"path":"/Users/ezequielmacchi_1/Desktop/REACT/08-rest_api-node_server/src/middleware/index.ts","statementMap":{"0":{"start":{"line":2,"column":0},"end":{"line":2,"column":52}},"1":{"start":{"line":4,"column":33},"end":{"line":13,"column":1}},"2":{"start":{"line":6,"column":17},"end":{"line":6,"column":38}},"3":{"start":{"line":7,"column":4},"end":{"line":9,"column":5}},"4":{"start":{"line":8,"column":8},"end":{"line":8,"column":null}},"5":{"start":{"line":11,"column":4},"end":{"line":11,"column":null}},"6":{"start":{"line":4,"column":13},"end":{"line":4,"column":33}}},"fnMap":{"0":{"name":"(anonymous_0)","decl":{"start":{"line":4,"column":33},"end":{"line":4,"column":34}},"loc":{"start":{"line":4,"column":85},"end":{"line":13,"column":1}}}},"branchMap":{"0":{"loc":{"start":{"line":7,"column":4},"end":{"line":9,"column":5}},"type":"if","locations":[{"start":{"line":7,"column":4},"end":{"line":9,"column":5}}]}},"s":{"0":2,"1":2,"2":22,"3":22,"4":8,"5":14,"6":2},"f":{"0":22},"b":{"0":[8]}}
,"/Users/ezequielmacchi_1/Desktop/REACT/08-rest_api-node_server/src/models/Product.model.ts": {"path":"/Users/ezequielmacchi_1/Desktop/REACT/08-rest_api-node_server/src/models/Product.model.ts","statementMap":{"0":{"start":{"line":1,"column":0},"end":{"line":1,"column":78}},"1":{"start":{"line":7,"column":0},"end":{"line":23,"column":null}},"2":{"start":{"line":11,"column":12},"end":{"line":11,"column":null}},"3":{"start":{"line":16,"column":12},"end":{"line":16,"column":null}},"4":{"start":{"line":22,"column":12},"end":{"line":22,"column":null}},"5":{"start":{"line":7,"column":6},"end":{"line":23,"column":null}},"6":{"start":{"line":25,"column":0},"end":{"line":25,"column":null}}},"fnMap":{},"branchMap":{},"s":{"0":3,"1":3,"2":3,"3":3,"4":3,"5":3,"6":3},"f":{},"b":{}}
}
