TN:
SF:src/router.ts
FN:136,(anonymous_0)
FN:195,(anonymous_1)
FNF:2
FNH:2
FNDA:5,(anonymous_0)
FNDA:6,(anonymous_1)
DA:1,2
DA:2,2
DA:3,2
DA:4,2
DA:6,2
DA:56,2
DA:86,2
DA:129,2
DA:136,5
DA:189,2
DA:195,6
DA:234,2
DA:276,2
DA:282,2
LF:14
LH:14
BRF:0
BRH:0
end_of_record
TN:
SF:src/server.ts
FN:9,connectDB
FNF:1
FNH:1
FNDA:3,connectDB
DA:1,2
DA:2,2
DA:3,2
DA:4,2
DA:5,2
DA:6,2
DA:9,2
DA:10,3
DA:11,3
DA:12,2
DA:15,1
DA:18,2
DA:21,2
DA:24,2
DA:27,2
DA:30,2
DA:32,2
LF:17
LH:17
BRF:0
BRH:0
end_of_record
TN:
SF:src/config/db.ts
FNF:0
FNH:0
DA:1,2
DA:2,2
DA:4,2
DA:6,2
DA:11,2
LF:5
LH:5
BRF:0
BRH:0
end_of_record
TN:
SF:src/config/swagger.ts
FNF:0
FNH:0
DA:1,2
DA:3,2
DA:21,2
DA:22,2
LF:4
LH:4
BRF:0
BRH:0
end_of_record
TN:
SF:src/handlers/product.ts
FN:5,(anonymous_1)
FN:23,(anonymous_2)
FN:41,(anonymous_3)
FN:54,(anonymous_4)
FN:79,(anonymous_5)
FN:104,(anonymous_6)
FNF:6
FNH:6
FNDA:3,(anonymous_1)
FNDA:3,(anonymous_2)
FNDA:2,(anonymous_3)
FNDA:3,(anonymous_4)
FNDA:3,(anonymous_5)
FNDA:3,(anonymous_6)
DA:2,2
DA:5,2
DA:6,3
DA:8,3
DA:15,2
DA:17,1
DA:18,1
DA:23,2
DA:24,3
DA:25,3
DA:26,3
DA:29,2
DA:30,1
DA:33,1
DA:35,1
DA:36,1
DA:41,2
DA:42,2
DA:44,2
DA:46,1
DA:48,1
DA:49,1
DA:54,2
DA:55,3
DA:57,3
DA:59,3
DA:62,2
DA:63,1
DA:67,1
DA:68,1
DA:71,1
DA:73,1
DA:74,1
DA:79,2
DA:80,3
DA:82,3
DA:84,3
DA:87,2
DA:88,1
DA:92,1
DA:93,1
DA:96,1
DA:98,1
DA:99,1
DA:104,2
DA:105,3
DA:107,3
DA:109,3
DA:112,2
DA:113,1
DA:117,1
DA:120,1
DA:122,1
DA:123,1
LF:54
LH:54
BRDA:29,0,0,1
BRDA:62,1,0,1
BRDA:87,2,0,1
BRDA:112,3,0,1
BRF:4
BRH:4
end_of_record
TN:
SF:src/middleware/index.ts
FN:4,(anonymous_0)
FNF:1
FNH:1
FNDA:22,(anonymous_0)
DA:2,2
DA:4,2
DA:6,22
DA:7,22
DA:8,8
DA:11,14
LF:6
LH:6
BRDA:7,0,0,8
BRF:1
BRH:1
end_of_record
TN:
SF:src/models/Product.model.ts
FNF:0
FNH:0
DA:1,3
DA:7,3
DA:11,3
DA:16,3
DA:22,3
DA:25,3
LF:6
LH:6
BRF:0
BRH:0
end_of_record
